2659
595
4145
1791
586
2312
2088
4701
2114
631
3611
2286
5118
3241
2636
880
2159
3101
3136
835
4310
4816
3247
4498
1645
5403
1821
1450
2455
2885
1398
1913
4280
26
4198
985
3107
3862
2746
3724
2839
2012
3313
280
2110
1919
5486
2582
1074
686
2112
1303
4343
1090
4496
5930
5373
801
3990
1244
4816
36
2342
2638
1215
4321
3232
3157
2415
888
3147
2135
4498
606
989
1207
1478
2089
1742
2399
3801
1498
2626
5491
1101
4572
1418
1850
839
559
1121
1430
2555
2825
1166
2397
1790
274
3518
2117
5996
4656
1432
2958
1413
5545
4107
2251
6027
2575
506
1452
3975
4920
563
3354
2165
931
3926
5410
5058
3873
2171
1559
1167
4727
3479
3302
3892
1628
3892
3483
2173
884
3848
2070
217
5655
5707
2967
1691
4369
2830
3715
194
2569
864
2010
4206
1720
850
346
5462
1295
4007
2600
2683
1328
3323
390
3040
3652
2149
2132
4296
5059
2674
4559
3429
3238
97
4687
2168
1677
3188
2081
855
1481
1294
1313
3063
1672
2011
4570
959
5164
1612
1392
3867
708
4687
3540
1065
2070
3245
2135
1343
2418
3514
1043
2114
2180
2722
3484
6229
1173
2714
2325
1902
2035
4569
4526
796
641
3951
2492
3639
1007
381
2057
4190
5314
3206
5047
5497
5317
4230
3748
4981
2758
3206
5913
3528
2314
2751
466
563
4940
1624
2346
2507
844
3762
2054
687
990
1010
407
1440
2932
4092
1309
1040
265
740
4392
1939
3001
1442
4907
363
4332
514
1384
4467
2610
2360
1307
1224
4613
3952
1833
1618
3591
3843
3770
3451
1822
1
2877
2411
794
1589
3795
2394
2021
321
3896
1665
1448
2764
1208
5768
4385
4207
4648
3709
5480
624
3182
4007
522
1711
90
1598
233
252
1488
4841
492
1676
3924
3068
3281
5734
678
3985
1366
2645
4458
2315
977
1678
2852
1499
3700
3225
5828
2451
3547
1033
4845
177
3284
2485
1154
490
425
2235
203
3659
599
2853
973
2102
5234
3558
1950
3763
4856
591
980
2988
1778
2845
1243
500
2252
722
2707
90
2375
1741
700
700
4732
2247
449
635
1544
4530
961
2437
3198
353
2540
2642
3853
1789
5424
811
1261
2034
21
1787
4992
4769
2675
2609
3056
3620
4149
3918
4953
3814
3267
2635
1241
1989
761
927
3673
1733
2310
1359
2262
2207
2220
5996
3851
366
1939
3509
2864
2903
562
2919
1376
2904
1010
2785
3079
3806
1345
341
1601
1735
2341
3295
2192
2376
3096
5105
3985
2264
279
2289
850
3210
391
2534
187
3865
394
4323
2549
3275
2041
1314
4375
5758
3645
924
3884
312
1117
2762
1611
4489
4005
118
3052
245
5675
3170
593
4431
1997
3512
5940
2382
2194
3233
3603
2455
3695
3394
2308
3817
2486
2446
3034
607
772
2341
3246
5921
1421
593
4338
929
129
1904
1149
3225
3613
2023
6623
541
2245
1611
3661
329
635
1588
4880
2097
3484
3419
1784
3354
3647
3979
794
3948
1984
909
919
3446
2128
3782
89
3231
4703
4039
1791
4254
5427
1215
2437
1227
3024
3492
2415
5699
4688
2396
3571
3806
1927
5586
5639
4496
1308
3530
2371
3438
837
2280
1911
4095
4470
4558
4387
5259
972
5972
100
1849
1748
5005
364
2180
6201
3186
935
2090
2784
3337
182
2396
3178
150
1444
1688
2118
976
4394
1993
1085
2379
625
5524
2269
2112
3625
3918
2065
874
2233
4422
1089
1997
2378
2404
1257
3480
2957
888
1743
983
1426
128
3956
2382
729
3279
3197
4472
4811
1795
848
2904
3666
784
3772
4121
680
2851
887
5455
721
584
1077
4095
4617
1433
3509
3741
5978
3
2514
842
4323
2255
2434
79
1186
2720
3457
3775
2086
4028
3073
1264
3533
1360
599
1566
2659
224
842
2630
5731
4859
373
484
1443
5171
4044
1640
703
1566
4599
2838
292
5288
567
309
1378
2562
3858
3591
2728
4507
3999
3641
4463
1739
1421
3235
1176
3284
2600
3950
921
4084
3583
2898
3982
4142
2973
551
4247
676
4603
911
2456
3080
1776
1723
2369
5223
1190
3487
1099
4355
5363
2393
356
4660
3010
3159
6686
1891
792
3663
5813
3471
1091
913
3136
333
1419
1235
2925
560
164
3224
3565
3992
1639
2875
991
2912
2054
5098
3656
1577
1965
3460
827
3657
3370
716
4655
1544
741
3488
4050
17
4467
1768
3552
4504
5330
4358
700
2771
6357
4491
4143
2868
1420
4333
521
1803
1718
1672
4200
334
5279
1353
5229
596
3285
3086
942
3627
2241
523
2911
830
2648
1761
2503
1876
4970
4305
3710
1954
5114
5960
3655
1636
2795
1535
3126
4489
1236
364
2437
1153
262
472
2759
2517
3473
4612
4125
1337
3122
3948
198
473
1437
1656
2099
3481
1727
388
18
1834
2501
1304
4710
3579
3458
3712
2537
6309
3922
2489
93
5989
3468
608
3068
1010
530
1251
4834
1213
4983
1947
1593
2107
2757
1639
388
1314
2522
1663
1583
3426
3090
3741
2206
6005
366
2996
3683
3791
3520
995
1738
2374
539
3933
1389
2625
1445
4429
2332
1635
837
1433
2538
6563
732
1388
4076
2136
1804
4497
1750
4793
5367
951
2794
2624
41
4114
81
793
2676
1982
1344
3390
3044
1726
4130
5076
3897
4145
437
5191
2923
2166
2381
2002
3253
2993
5848
2933
3795
4724
2907
900
2890
4640
130
1058
846
3543
3008
3296
3669
3701
4351
1266
3466
4679
2802
1143
3809
1981
2806
2175
6156
775
4947
2022
1890
1327
2217
370
2389
1561
3887
3385
175
3774
3410
787
3181
2675
1750
1308
2796
3231
1551
389
3404
3541
3480
1795
2781
186
4343
4488
4009
3977
1179
182
5312
3125
4854
1053
843
1670
3677
5305
177
3336
1488
1274
4162
941
1463
5222
347
1658
4471
5295
4270
3052
2052
2998
1260
